2018-07-16 17:34:22 [AWT-EventQueue-0] com.beastbot.common.DbFuncs.executeNonQuery()
ERROR: org.h2.jdbc.JdbcSQLException: Syntax error in SQL statement "INSERT INTO TBL_FORMULA_DATA (ID,FNAME,X,Y,ST,MT,ET,LCOUNT,ROUND,QTY,TRADESWITCH) VALUES (7,'F1','2.0','1.5','09:30', '15:00','15:18',2,3,2,TRUE [*]"; expected "[, ::, *, /, %, +, -, ||, ~, !~, NOT, LIKE, ILIKE, REGEXP, IS, IN, BETWEEN, AND, OR, ,, )"; SQL statement:
INSERT INTO TBL_FORMULA_DATA (ID,FNAME,X,Y,ST,MT,ET,LCOUNT,ROUND,QTY,TRADESWITCH) VALUES (7,'F1','2.0','1.5','09:30', '15:00','15:18',2,3,2,true [42001-196]
	at org.h2.engine.SessionRemote.done(SessionRemote.java:629)
	at org.h2.command.CommandRemote.prepare(CommandRemote.java:83)
	at org.h2.command.CommandRemote.<init>(CommandRemote.java:49)
	at org.h2.engine.SessionRemote.prepareCommand(SessionRemote.java:499)
	at org.h2.jdbc.JdbcConnection.prepareCommand(JdbcConnection.java:1204)
	at org.h2.jdbc.JdbcStatement.executeInternal(JdbcStatement.java:176)
	at org.h2.jdbc.JdbcStatement.execute(JdbcStatement.java:164)
	at com.beastbot.common.DbFuncs.executeNonQuery(DbFuncs.java:395)
	at com.beastbot.ui.Formulations$2.actionPerformed(Formulations.java:337)
	at javax.swing.AbstractButton.fireActionPerformed(Unknown Source)
	at javax.swing.AbstractButton$Handler.actionPerformed(Unknown Source)
	at javax.swing.DefaultButtonModel.fireActionPerformed(Unknown Source)
	at javax.swing.DefaultButtonModel.setPressed(Unknown Source)
	at javax.swing.plaf.basic.BasicButtonListener.mouseReleased(Unknown Source)
	at java.awt.Component.processMouseEvent(Unknown Source)
	at javax.swing.JComponent.processMouseEvent(Unknown Source)
	at java.awt.Component.processEvent(Unknown Source)
	at java.awt.Container.processEvent(Unknown Source)
	at java.awt.Component.dispatchEventImpl(Unknown Source)
	at java.awt.Container.dispatchEventImpl(Unknown Source)
	at java.awt.Component.dispatchEvent(Unknown Source)
	at java.awt.LightweightDispatcher.retargetMouseEvent(Unknown Source)
	at java.awt.LightweightDispatcher.processMouseEvent(Unknown Source)
	at java.awt.LightweightDispatcher.dispatchEvent(Unknown Source)
	at java.awt.Container.dispatchEventImpl(Unknown Source)
	at java.awt.Window.dispatchEventImpl(Unknown Source)
	at java.awt.Component.dispatchEvent(Unknown Source)
	at java.awt.EventQueue.dispatchEventImpl(Unknown Source)
	at java.awt.EventQueue.access$500(Unknown Source)
	at java.awt.EventQueue$3.run(Unknown Source)
	at java.awt.EventQueue$3.run(Unknown Source)
	at java.security.AccessController.doPrivileged(Native Method)
	at java.security.ProtectionDomain$JavaSecurityAccessImpl.doIntersectionPrivilege(Unknown Source)
	at java.security.ProtectionDomain$JavaSecurityAccessImpl.doIntersectionPrivilege(Unknown Source)
	at java.awt.EventQueue$4.run(Unknown Source)
	at java.awt.EventQueue$4.run(Unknown Source)
	at java.security.AccessController.doPrivileged(Native Method)
	at java.security.ProtectionDomain$JavaSecurityAccessImpl.doIntersectionPrivilege(Unknown Source)
	at java.awt.EventQueue.dispatchEvent(Unknown Source)
	at java.awt.EventDispatchThread.pumpOneEventForFilters(Unknown Source)
	...
2018-07-16 17:38:43 [AWT-EventQueue-0] com.beastbot.common.DbFuncs.executeNonQuery()
ERROR: org.h2.jdbc.JdbcSQLException: Syntax error in SQL statement "INSERT INTO TBL_FORMULA_DATA (ID,FNAME,X,Y,ST,MT,ET,LCOUNT,ROUND,QTY,TRADESWITCH) VALUES (7,'F1',2.3,1.44,'09:35', '15:00','15:18',2,3,2,TRUE [*]"; expected "[, ::, *, /, %, +, -, ||, ~, !~, NOT, LIKE, ILIKE, REGEXP, IS, IN, BETWEEN, AND, OR, ,, )"; SQL statement:
INSERT INTO TBL_FORMULA_DATA (ID,FNAME,X,Y,ST,MT,ET,LCOUNT,ROUND,QTY,TRADESWITCH) VALUES (7,'F1',2.3,1.44,'09:35', '15:00','15:18',2,3,2,true [42001-196]
	at org.h2.engine.SessionRemote.done(SessionRemote.java:629)
	at org.h2.command.CommandRemote.prepare(CommandRemote.java:83)
	at org.h2.command.CommandRemote.<init>(CommandRemote.java:49)
	at org.h2.engine.SessionRemote.prepareCommand(SessionRemote.java:499)
	at org.h2.jdbc.JdbcConnection.prepareCommand(JdbcConnection.java:1204)
	at org.h2.jdbc.JdbcStatement.executeInternal(JdbcStatement.java:176)
	at org.h2.jdbc.JdbcStatement.execute(JdbcStatement.java:164)
	at com.beastbot.common.DbFuncs.executeNonQuery(DbFuncs.java:395)
	at com.beastbot.ui.Formulations$2.actionPerformed(Formulations.java:337)
	at javax.swing.AbstractButton.fireActionPerformed(Unknown Source)
	at javax.swing.AbstractButton$Handler.actionPerformed(Unknown Source)
	at javax.swing.DefaultButtonModel.fireActionPerformed(Unknown Source)
	at javax.swing.DefaultButtonModel.setPressed(Unknown Source)
	at javax.swing.plaf.basic.BasicButtonListener.mouseReleased(Unknown Source)
	at java.awt.Component.processMouseEvent(Unknown Source)
	at javax.swing.JComponent.processMouseEvent(Unknown Source)
	at java.awt.Component.processEvent(Unknown Source)
	at java.awt.Container.processEvent(Unknown Source)
	at java.awt.Component.dispatchEventImpl(Unknown Source)
	at java.awt.Container.dispatchEventImpl(Unknown Source)
	at java.awt.Component.dispatchEvent(Unknown Source)
	at java.awt.LightweightDispatcher.retargetMouseEvent(Unknown Source)
	at java.awt.LightweightDispatcher.processMouseEvent(Unknown Source)
	at java.awt.LightweightDispatcher.dispatchEvent(Unknown Source)
	at java.awt.Container.dispatchEventImpl(Unknown Source)
	at java.awt.Window.dispatchEventImpl(Unknown Source)
	at java.awt.Component.dispatchEvent(Unknown Source)
	at java.awt.EventQueue.dispatchEventImpl(Unknown Source)
	at java.awt.EventQueue.access$500(Unknown Source)
	at java.awt.EventQueue$3.run(Unknown Source)
	at java.awt.EventQueue$3.run(Unknown Source)
	at java.security.AccessController.doPrivileged(Native Method)
	at java.security.ProtectionDomain$JavaSecurityAccessImpl.doIntersectionPrivilege(Unknown Source)
	at java.security.ProtectionDomain$JavaSecurityAccessImpl.doIntersectionPrivilege(Unknown Source)
	at java.awt.EventQueue$4.run(Unknown Source)
	at java.awt.EventQueue$4.run(Unknown Source)
	at java.security.AccessController.doPrivileged(Native Method)
	at java.security.ProtectionDomain$JavaSecurityAccessImpl.doIntersectionPrivilege(Unknown Source)
	at java.awt.EventQueue.dispatchEvent(Unknown Source)
	at java.awt.EventDispatchThread.pumpOneEventForFilters(Unknown Source)
	...
2018-07-16 17:41:17 [AWT-EventQueue-0] com.beastbot.common.DbFuncs.executeNonQuery()
ERROR: org.h2.jdbc.JdbcSQLException: Syntax error in SQL statement "INSERT INTO TBL_FORMULA_DATA (ID,FNAME,X,Y,ST,MT,ET,LCOUNT,ROUND,QTY,TRADESWITCH) VALUES (7,'F1',2.1,1.2,'09:40', '15:00','15:18',2,3,2,TRUE [*]"; expected "[, ::, *, /, %, +, -, ||, ~, !~, NOT, LIKE, ILIKE, REGEXP, IS, IN, BETWEEN, AND, OR, ,, )"; SQL statement:
INSERT INTO TBL_FORMULA_DATA (ID,FNAME,X,Y,ST,MT,ET,LCOUNT,ROUND,QTY,TRADESWITCH) VALUES (7,'F1',2.1,1.2,'09:40', '15:00','15:18',2,3,2,true [42001-196]
	at org.h2.engine.SessionRemote.done(SessionRemote.java:629)
	at org.h2.command.CommandRemote.prepare(CommandRemote.java:83)
	at org.h2.command.CommandRemote.<init>(CommandRemote.java:49)
	at org.h2.engine.SessionRemote.prepareCommand(SessionRemote.java:499)
	at org.h2.jdbc.JdbcConnection.prepareCommand(JdbcConnection.java:1204)
	at org.h2.jdbc.JdbcStatement.executeInternal(JdbcStatement.java:176)
	at org.h2.jdbc.JdbcStatement.execute(JdbcStatement.java:164)
	at com.beastbot.common.DbFuncs.executeNonQuery(DbFuncs.java:395)
	at com.beastbot.ui.Formulations$2.actionPerformed(Formulations.java:337)
	at javax.swing.AbstractButton.fireActionPerformed(Unknown Source)
	at javax.swing.AbstractButton$Handler.actionPerformed(Unknown Source)
	at javax.swing.DefaultButtonModel.fireActionPerformed(Unknown Source)
	at javax.swing.DefaultButtonModel.setPressed(Unknown Source)
	at javax.swing.plaf.basic.BasicButtonListener.mouseReleased(Unknown Source)
	at java.awt.Component.processMouseEvent(Unknown Source)
	at javax.swing.JComponent.processMouseEvent(Unknown Source)
	at java.awt.Component.processEvent(Unknown Source)
	at java.awt.Container.processEvent(Unknown Source)
	at java.awt.Component.dispatchEventImpl(Unknown Source)
	at java.awt.Container.dispatchEventImpl(Unknown Source)
	at java.awt.Component.dispatchEvent(Unknown Source)
	at java.awt.LightweightDispatcher.retargetMouseEvent(Unknown Source)
	at java.awt.LightweightDispatcher.processMouseEvent(Unknown Source)
	at java.awt.LightweightDispatcher.dispatchEvent(Unknown Source)
	at java.awt.Container.dispatchEventImpl(Unknown Source)
	at java.awt.Window.dispatchEventImpl(Unknown Source)
	at java.awt.Component.dispatchEvent(Unknown Source)
	at java.awt.EventQueue.dispatchEventImpl(Unknown Source)
	at java.awt.EventQueue.access$500(Unknown Source)
	at java.awt.EventQueue$3.run(Unknown Source)
	at java.awt.EventQueue$3.run(Unknown Source)
	at java.security.AccessController.doPrivileged(Native Method)
	at java.security.ProtectionDomain$JavaSecurityAccessImpl.doIntersectionPrivilege(Unknown Source)
	at java.security.ProtectionDomain$JavaSecurityAccessImpl.doIntersectionPrivilege(Unknown Source)
	at java.awt.EventQueue$4.run(Unknown Source)
	at java.awt.EventQueue$4.run(Unknown Source)
	at java.security.AccessController.doPrivileged(Native Method)
	at java.security.ProtectionDomain$JavaSecurityAccessImpl.doIntersectionPrivilege(Unknown Source)
	at java.awt.EventQueue.dispatchEvent(Unknown Source)
	at java.awt.EventDispatchThread.pumpOneEventForFilters(Unknown Source)
	...
2018-07-16 17:46:09 [AWT-EventQueue-0] com.beastbot.common.DbFuncs.executeNonQuery()
ERROR: org.h2.jdbc.JdbcSQLException: Data conversion error converting "'2.0' (TBL_FORMULA_DATA: LCOUNT INT)"; SQL statement:
UPDATE TBL_FORMULA_DATA SET X=2.1, Y=1.2,ST='09:40', MT='15:00', ET='15:18',LCOUNT='2.0', ROUND='3.0', QTY='2', TRADESWITCH='false' WHERE FNAME='F1' and ID='7'; [22018-196]
	at org.h2.engine.SessionRemote.done(SessionRemote.java:629)
	at org.h2.command.CommandRemote.executeUpdate(CommandRemote.java:209)
	at org.h2.jdbc.JdbcStatement.executeInternal(JdbcStatement.java:192)
	at org.h2.jdbc.JdbcStatement.execute(JdbcStatement.java:164)
	at com.beastbot.common.DbFuncs.executeNonQuery(DbFuncs.java:395)
	at com.beastbot.ui.Formulations$2.actionPerformed(Formulations.java:345)
	at javax.swing.AbstractButton.fireActionPerformed(Unknown Source)
	at javax.swing.AbstractButton$Handler.actionPerformed(Unknown Source)
	at javax.swing.DefaultButtonModel.fireActionPerformed(Unknown Source)
	at javax.swing.DefaultButtonModel.setPressed(Unknown Source)
	at javax.swing.plaf.basic.BasicButtonListener.mouseReleased(Unknown Source)
	at java.awt.Component.processMouseEvent(Unknown Source)
	at javax.swing.JComponent.processMouseEvent(Unknown Source)
	at java.awt.Component.processEvent(Unknown Source)
	at java.awt.Container.processEvent(Unknown Source)
	at java.awt.Component.dispatchEventImpl(Unknown Source)
	at java.awt.Container.dispatchEventImpl(Unknown Source)
	at java.awt.Component.dispatchEvent(Unknown Source)
	at java.awt.LightweightDispatcher.retargetMouseEvent(Unknown Source)
	at java.awt.LightweightDispatcher.processMouseEvent(Unknown Source)
	at java.awt.LightweightDispatcher.dispatchEvent(Unknown Source)
	at java.awt.Container.dispatchEventImpl(Unknown Source)
	at java.awt.Window.dispatchEventImpl(Unknown Source)
	at java.awt.Component.dispatchEvent(Unknown Source)
	at java.awt.EventQueue.dispatchEventImpl(Unknown Source)
	at java.awt.EventQueue.access$500(Unknown Source)
	at java.awt.EventQueue$3.run(Unknown Source)
	at java.awt.EventQueue$3.run(Unknown Source)
	at java.security.AccessController.doPrivileged(Native Method)
	at java.security.ProtectionDomain$JavaSecurityAccessImpl.doIntersectionPrivilege(Unknown Source)
	at java.security.ProtectionDomain$JavaSecurityAccessImpl.doIntersectionPrivilege(Unknown Source)
	at java.awt.EventQueue$4.run(Unknown Source)
	at java.awt.EventQueue$4.run(Unknown Source)
	at java.security.AccessController.doPrivileged(Native Method)
	at java.security.ProtectionDomain$JavaSecurityAccessImpl.doIntersectionPrivilege(Unknown Source)
	at java.awt.EventQueue.dispatchEvent(Unknown Source)
	at java.awt.EventDispatchThread.pumpOneEventForFilters(Unknown Source)
	at java.awt.EventDispatchThread.pumpEventsForFilter(Unknown Source)
	at java.awt.EventDispatchThread.pumpEventsForHierarchy(Unknown Source)
	at java.awt.EventDispatchThread.pumpEvents(Unknown Source)
	...
